<?xml version="1.0" encoding="UTF-8"?>
<!-- Generated by org.testng.reporters.JUnitXMLReporter -->
<testsuite ignored="0" hostname="LAPTOP-LNHNK8AL" failures="0" tests="6" name="Default test" time="22.83" errors="0" timestamp="07 Nov 2024 11:04:21 GMT">
  <testcase classname="Test_Script.Download" name="login" time="4.349"/>
  <testcase classname="Test_Script.Download" name="upload" time="6.688"/>
  <testcase classname="Test_Script.Download" name="showDimension" time="2.854"/>
  <testcase classname="Test_Script.Download" name="showMachiningID" time="3.3"/>
  <testcase classname="Test_Script.Download" name="projections1st_3rd" time="1.068"/>
  <testcase classname="Test_Script.Download" name="download" time="0.985"/>
</testsuite> <!-- Default test -->
