<?xml version="1.0" encoding="UTF-8"?>
<!-- Generated by org.testng.reporters.JUnitXMLReporter -->
<testsuite ignored="0" hostname="LAPTOP-LNHNK8AL" failures="0" tests="4" name="Test3" time="23.069" errors="0" timestamp="08 Nov 2024 06:23:13 GMT">
  <testcase classname="Test_Script.Show_Hide_Dimensions" name="Login" time="4.289"/>
  <testcase classname="Test_Script.Show_Hide_Dimensions" name="uploadFile" time="6.993"/>
  <testcase classname="Test_Script.Show_Hide_Dimensions" name="showDimensions" time="6.172"/>
  <testcase classname="Test_Script.Show_Hide_Dimensions" name="HideDimensions" time="2.696"/>
</testsuite> <!-- Test3 -->
