<?xml version="1.0" encoding="UTF-8"?>
<!-- Generated by org.testng.reporters.JUnitXMLReporter -->
<testsuite ignored="0" hostname="LAPTOP-LNHNK8AL" failures="0" tests="4" name="Test7" time="31.9" errors="0" timestamp="04 Nov 2024 12:01:56 GMT">
  <testcase classname="Test_Script.Show_Hide_Dimensions" name="Login" time="4.572"/>
  <testcase classname="Test_Script.Show_Hide_Dimensions" name="uploadFile" time="6.398"/>
  <testcase classname="Test_Script.Show_Hide_Dimensions" name="showDimensions" time="6.652"/>
  <testcase classname="Test_Script.Show_Hide_Dimensions" name="HideDimensions" time="2.842"/>
</testsuite> <!-- Test7 -->
