<?xml version="1.0" encoding="UTF-8"?>
<!-- Generated by org.testng.reporters.JUnitXMLReporter -->
<testsuite ignored="0" hostname="LAPTOP-LNHNK8AL" failures="0" tests="4" name="Test4" time="22.576" errors="0" timestamp="08 Nov 2024 06:23:36 GMT">
  <testcase classname="Test_Script.Machining_Chart_IDs" name="login" time="4.328"/>
  <testcase classname="Test_Script.Machining_Chart_IDs" name="upload" time="6.309"/>
  <testcase classname="Test_Script.Machining_Chart_IDs" name="showDimension" time="4.937"/>
  <testcase classname="Test_Script.Machining_Chart_IDs" name="showMachiningID" time="4.491"/>
</testsuite> <!-- Test4 -->
