<?xml version="1.0" encoding="UTF-8"?>
<!-- Generated by org.testng.reporters.JUnitXMLReporter -->
<testsuite ignored="0" hostname="LAPTOP-LNHNK8AL" failures="0" tests="6" name="Test6" time="24.138" errors="0" timestamp="08 Nov 2024 06:24:24 GMT">
  <testcase classname="Test_Script.Download" name="login" time="5.286"/>
  <testcase classname="Test_Script.Download" name="upload" time="6.401"/>
  <testcase classname="Test_Script.Download" name="showDimension" time="3.218"/>
  <testcase classname="Test_Script.Download" name="showMachiningID" time="3.517"/>
  <testcase classname="Test_Script.Download" name="projections1st_3rd" time="1.259"/>
  <testcase classname="Test_Script.Download" name="download" time="0.998"/>
</testsuite> <!-- Test6 -->
