<?xml version="1.0" encoding="UTF-8"?>
<!-- Generated by org.testng.reporters.JUnitXMLReporter -->
<testsuite ignored="0" hostname="LAPTOP-LNHNK8AL" failures="0" tests="5" name="Test5" time="23.226" errors="0" timestamp="08 Nov 2024 06:23:59 GMT">
  <testcase classname="Test_Script.Projections_1st_3rd" name="login" time="4.361"/>
  <testcase classname="Test_Script.Projections_1st_3rd" name="upload" time="6.361"/>
  <testcase classname="Test_Script.Projections_1st_3rd" name="showDimension" time="3.324"/>
  <testcase classname="Test_Script.Projections_1st_3rd" name="showMachiningID" time="3.15"/>
  <testcase classname="Test_Script.Projections_1st_3rd" name="projections1st_3rd" time="2.718"/>
</testsuite> <!-- Test5 -->
