<?xml version="1.0" encoding="UTF-8"?>
<testng-results ignored="0" total="22" passed="22" failed="0" skipped="0">
  <reporter-output>
  </reporter-output>
  <suite started-at="2024-11-08T06:22:19Z" name="Suite" finished-at="2024-11-08T06:24:24Z" duration-ms="125024">
    <groups>
      <group name="Regression">
        <method signature="Login.Login1()[pri:1, instance:Test_Script.Login@1807e3f6]" name="Login1" class="Test_Script.Login"/>
      </group> <!-- Regression -->
      <group name="Smoke">
        <method signature="Show_Hide_Dimensions.HideDimensions()[pri:4, instance:Test_Script.Show_Hide_Dimensions@7139992f]" name="HideDimensions" class="Test_Script.Show_Hide_Dimensions"/>
        <method signature="Show_Hide_Dimensions.Login()[pri:1, instance:Test_Script.Show_Hide_Dimensions@7139992f]" name="Login" class="Test_Script.Show_Hide_Dimensions"/>
        <method signature="Show_Hide_Dimensions.showDimensions()[pri:3, instance:Test_Script.Show_Hide_Dimensions@7139992f]" name="showDimensions" class="Test_Script.Show_Hide_Dimensions"/>
        <method signature="Show_Hide_Dimensions.uploadFile()[pri:2, instance:Test_Script.Show_Hide_Dimensions@7139992f]" name="uploadFile" class="Test_Script.Show_Hide_Dimensions"/>
      </group> <!-- Smoke -->
    </groups>
    <test started-at="2024-11-08T06:22:19Z" name="Test1" finished-at="2024-11-08T06:22:31Z" duration-ms="12530">
      <class name="Test_Script.Login">
        <test-method is-config="true" signature="beforetest()[pri:0, instance:Test_Script.Login@1807e3f6]" started-at="2024-11-08T06:22:19Z" name="beforetest" finished-at="2024-11-08T06:22:19Z" duration-ms="0" status="PASS">
          <reporter-output>
          </reporter-output>
        </test-method> <!-- beforetest -->
        <test-method is-config="true" signature="setUp()[pri:0, instance:Test_Script.Login@1807e3f6]" started-at="2024-11-08T06:22:19Z" name="setUp" finished-at="2024-11-08T06:22:23Z" duration-ms="4096" status="PASS">
          <reporter-output>
          </reporter-output>
        </test-method> <!-- setUp -->
        <test-method is-config="true" signature="beforeMethod()[pri:0, instance:Test_Script.Login@1807e3f6]" started-at="2024-11-08T06:22:23Z" name="beforeMethod" finished-at="2024-11-08T06:22:23Z" duration-ms="0" status="PASS">
          <reporter-output>
          </reporter-output>
        </test-method> <!-- beforeMethod -->
        <test-method signature="Login1()[pri:1, instance:Test_Script.Login@1807e3f6]" started-at="2024-11-08T06:22:23Z" name="Login1" finished-at="2024-11-08T06:22:31Z" duration-ms="8034" status="PASS">
          <reporter-output>
          </reporter-output>
        </test-method> <!-- Login1 -->
        <test-method is-config="true" signature="afterMethod()[pri:0, instance:Test_Script.Login@1807e3f6]" started-at="2024-11-08T06:22:31Z" name="afterMethod" finished-at="2024-11-08T06:22:31Z" duration-ms="1" status="PASS">
          <reporter-output>
          </reporter-output>
        </test-method> <!-- afterMethod -->
        <test-method is-config="true" signature="tearDown()[pri:0, instance:Test_Script.Login@1807e3f6]" started-at="2024-11-08T06:22:31Z" name="tearDown" finished-at="2024-11-08T06:22:31Z" duration-ms="0" status="PASS">
          <reporter-output>
          </reporter-output>
        </test-method> <!-- tearDown -->
        <test-method is-config="true" signature="afterTest()[pri:0, instance:Test_Script.Login@1807e3f6]" started-at="2024-11-08T06:22:31Z" name="afterTest" finished-at="2024-11-08T06:22:31Z" duration-ms="0" status="PASS">
          <reporter-output>
          </reporter-output>
        </test-method> <!-- afterTest -->
      </class> <!-- Test_Script.Login -->
    </test> <!-- Test1 -->
    <test started-at="2024-11-08T06:22:32Z" name="Test2" finished-at="2024-11-08T06:22:50Z" duration-ms="18128">
      <class name="Test_Script.UploadFile">
        <test-method is-config="true" signature="beforetest()[pri:0, instance:Test_Script.UploadFile@1b1cfb87]" started-at="2024-11-08T06:22:32Z" name="beforetest" finished-at="2024-11-08T06:22:32Z" duration-ms="0" status="PASS">
          <reporter-output>
          </reporter-output>
        </test-method> <!-- beforetest -->
        <test-method is-config="true" signature="setUp()[pri:0, instance:Test_Script.UploadFile@1b1cfb87]" started-at="2024-11-08T06:22:32Z" name="setUp" finished-at="2024-11-08T06:22:33Z" duration-ms="1731" status="PASS">
          <reporter-output>
          </reporter-output>
        </test-method> <!-- setUp -->
        <test-method is-config="true" signature="beforeMethod()[pri:0, instance:Test_Script.UploadFile@1b1cfb87]" started-at="2024-11-08T06:22:33Z" name="beforeMethod" finished-at="2024-11-08T06:22:33Z" duration-ms="0" status="PASS">
          <reporter-output>
          </reporter-output>
        </test-method> <!-- beforeMethod -->
        <test-method signature="Login()[pri:1, instance:Test_Script.UploadFile@1b1cfb87]" started-at="2024-11-08T06:22:33Z" name="Login" finished-at="2024-11-08T06:22:41Z" duration-ms="7301" status="PASS">
          <reporter-output>
          </reporter-output>
        </test-method> <!-- Login -->
        <test-method is-config="true" signature="afterMethod()[pri:0, instance:Test_Script.UploadFile@1b1cfb87]" started-at="2024-11-08T06:22:41Z" name="afterMethod" finished-at="2024-11-08T06:22:41Z" duration-ms="0" status="PASS">
          <reporter-output>
          </reporter-output>
        </test-method> <!-- afterMethod -->
        <test-method is-config="true" signature="beforeMethod()[pri:0, instance:Test_Script.UploadFile@1b1cfb87]" started-at="2024-11-08T06:22:41Z" name="beforeMethod" finished-at="2024-11-08T06:22:41Z" duration-ms="0" status="PASS">
          <reporter-output>
          </reporter-output>
        </test-method> <!-- beforeMethod -->
        <test-method signature="uploadFile()[pri:2, instance:Test_Script.UploadFile@1b1cfb87]" started-at="2024-11-08T06:22:41Z" name="uploadFile" finished-at="2024-11-08T06:22:50Z" duration-ms="9083" status="PASS">
          <reporter-output>
          </reporter-output>
        </test-method> <!-- uploadFile -->
        <test-method is-config="true" signature="afterMethod()[pri:0, instance:Test_Script.UploadFile@1b1cfb87]" started-at="2024-11-08T06:22:50Z" name="afterMethod" finished-at="2024-11-08T06:22:50Z" duration-ms="0" status="PASS">
          <reporter-output>
          </reporter-output>
        </test-method> <!-- afterMethod -->
        <test-method is-config="true" signature="afterTest()[pri:0, instance:Test_Script.UploadFile@1b1cfb87]" started-at="2024-11-08T06:22:50Z" name="afterTest" finished-at="2024-11-08T06:22:50Z" duration-ms="0" status="PASS">
          <reporter-output>
          </reporter-output>
        </test-method> <!-- afterTest -->
        <test-method is-config="true" signature="tearDown()[pri:0, instance:Test_Script.UploadFile@1b1cfb87]" started-at="2024-11-08T06:22:50Z" name="tearDown" finished-at="2024-11-08T06:22:50Z" duration-ms="0" status="PASS">
          <reporter-output>
          </reporter-output>
        </test-method> <!-- tearDown -->
      </class> <!-- Test_Script.UploadFile -->
    </test> <!-- Test2 -->
    <test started-at="2024-11-08T06:22:50Z" name="Test3" finished-at="2024-11-08T06:23:13Z" duration-ms="23069">
      <class name="Test_Script.Show_Hide_Dimensions">
        <test-method is-config="true" signature="beforetest()[pri:0, instance:Test_Script.Show_Hide_Dimensions@7139992f]" started-at="2024-11-08T06:22:50Z" name="beforetest" finished-at="2024-11-08T06:22:50Z" duration-ms="0" status="PASS">
          <reporter-output>
          </reporter-output>
        </test-method> <!-- beforetest -->
        <test-method is-config="true" signature="setUp()[pri:0, instance:Test_Script.Show_Hide_Dimensions@7139992f]" started-at="2024-11-08T06:22:50Z" name="setUp" finished-at="2024-11-08T06:22:53Z" duration-ms="2903" status="PASS">
          <reporter-output>
          </reporter-output>
        </test-method> <!-- setUp -->
        <test-method is-config="true" signature="beforeMethod()[pri:0, instance:Test_Script.Show_Hide_Dimensions@7139992f]" started-at="2024-11-08T06:22:53Z" name="beforeMethod" finished-at="2024-11-08T06:22:53Z" duration-ms="0" status="PASS">
          <reporter-output>
          </reporter-output>
        </test-method> <!-- beforeMethod -->
        <test-method signature="Login()[pri:1, instance:Test_Script.Show_Hide_Dimensions@7139992f]" started-at="2024-11-08T06:22:53Z" name="Login" finished-at="2024-11-08T06:22:57Z" duration-ms="4289" status="PASS">
          <reporter-output>
          </reporter-output>
        </test-method> <!-- Login -->
        <test-method is-config="true" signature="afterMethod()[pri:0, instance:Test_Script.Show_Hide_Dimensions@7139992f]" started-at="2024-11-08T06:22:57Z" name="afterMethod" finished-at="2024-11-08T06:22:57Z" duration-ms="0" status="PASS">
          <reporter-output>
          </reporter-output>
        </test-method> <!-- afterMethod -->
        <test-method is-config="true" signature="beforeMethod()[pri:0, instance:Test_Script.Show_Hide_Dimensions@7139992f]" started-at="2024-11-08T06:22:57Z" name="beforeMethod" finished-at="2024-11-08T06:22:57Z" duration-ms="0" status="PASS">
          <reporter-output>
          </reporter-output>
        </test-method> <!-- beforeMethod -->
        <test-method signature="uploadFile()[pri:2, instance:Test_Script.Show_Hide_Dimensions@7139992f]" started-at="2024-11-08T06:22:57Z" name="uploadFile" finished-at="2024-11-08T06:23:04Z" depends-on-methods="Test_Script.Show_Hide_Dimensions.Login" duration-ms="6993" status="PASS">
          <reporter-output>
          </reporter-output>
        </test-method> <!-- uploadFile -->
        <test-method is-config="true" signature="beforeMethod()[pri:0, instance:Test_Script.Show_Hide_Dimensions@7139992f]" started-at="2024-11-08T06:23:04Z" name="beforeMethod" finished-at="2024-11-08T06:23:04Z" duration-ms="0" status="PASS">
          <reporter-output>
          </reporter-output>
        </test-method> <!-- beforeMethod -->
        <test-method is-config="true" signature="afterMethod()[pri:0, instance:Test_Script.Show_Hide_Dimensions@7139992f]" started-at="2024-11-08T06:23:04Z" name="afterMethod" finished-at="2024-11-08T06:23:04Z" duration-ms="0" status="PASS">
          <reporter-output>
          </reporter-output>
        </test-method> <!-- afterMethod -->
        <test-method signature="showDimensions()[pri:3, instance:Test_Script.Show_Hide_Dimensions@7139992f]" started-at="2024-11-08T06:23:04Z" name="showDimensions" finished-at="2024-11-08T06:23:10Z" duration-ms="6172" status="PASS">
          <reporter-output>
          </reporter-output>
        </test-method> <!-- showDimensions -->
        <test-method is-config="true" signature="afterMethod()[pri:0, instance:Test_Script.Show_Hide_Dimensions@7139992f]" started-at="2024-11-08T06:23:10Z" name="afterMethod" finished-at="2024-11-08T06:23:10Z" duration-ms="0" status="PASS">
          <reporter-output>
          </reporter-output>
        </test-method> <!-- afterMethod -->
        <test-method signature="HideDimensions()[pri:4, instance:Test_Script.Show_Hide_Dimensions@7139992f]" started-at="2024-11-08T06:23:10Z" name="HideDimensions" finished-at="2024-11-08T06:23:13Z" duration-ms="2696" status="PASS">
          <reporter-output>
          </reporter-output>
        </test-method> <!-- HideDimensions -->
        <test-method is-config="true" signature="beforeMethod()[pri:0, instance:Test_Script.Show_Hide_Dimensions@7139992f]" started-at="2024-11-08T06:23:10Z" name="beforeMethod" finished-at="2024-11-08T06:23:10Z" duration-ms="0" status="PASS">
          <reporter-output>
          </reporter-output>
        </test-method> <!-- beforeMethod -->
        <test-method is-config="true" signature="afterTest()[pri:0, instance:Test_Script.Show_Hide_Dimensions@7139992f]" started-at="2024-11-08T06:23:13Z" name="afterTest" finished-at="2024-11-08T06:23:13Z" duration-ms="0" status="PASS">
          <reporter-output>
          </reporter-output>
        </test-method> <!-- afterTest -->
        <test-method is-config="true" signature="afterMethod()[pri:0, instance:Test_Script.Show_Hide_Dimensions@7139992f]" started-at="2024-11-08T06:23:13Z" name="afterMethod" finished-at="2024-11-08T06:23:13Z" duration-ms="0" status="PASS">
          <reporter-output>
          </reporter-output>
        </test-method> <!-- afterMethod -->
        <test-method is-config="true" signature="tearDown()[pri:0, instance:Test_Script.Show_Hide_Dimensions@7139992f]" started-at="2024-11-08T06:23:13Z" name="tearDown" finished-at="2024-11-08T06:23:13Z" duration-ms="0" status="PASS">
          <reporter-output>
          </reporter-output>
        </test-method> <!-- tearDown -->
      </class> <!-- Test_Script.Show_Hide_Dimensions -->
    </test> <!-- Test3 -->
    <test started-at="2024-11-08T06:23:13Z" name="Test4" finished-at="2024-11-08T06:23:36Z" duration-ms="22576">
      <class name="Test_Script.Machining_Chart_IDs">
        <test-method is-config="true" signature="setUp()[pri:0, instance:Test_Script.Machining_Chart_IDs@7dfd3c81]" started-at="2024-11-08T06:23:13Z" name="setUp" finished-at="2024-11-08T06:23:16Z" duration-ms="2496" status="PASS">
          <reporter-output>
          </reporter-output>
        </test-method> <!-- setUp -->
        <test-method is-config="true" signature="beforetest()[pri:0, instance:Test_Script.Machining_Chart_IDs@7dfd3c81]" started-at="2024-11-08T06:23:13Z" name="beforetest" finished-at="2024-11-08T06:23:13Z" duration-ms="0" status="PASS">
          <reporter-output>
          </reporter-output>
        </test-method> <!-- beforetest -->
        <test-method signature="login()[pri:1, instance:Test_Script.Machining_Chart_IDs@7dfd3c81]" started-at="2024-11-08T06:23:16Z" name="login" finished-at="2024-11-08T06:23:20Z" duration-ms="4328" status="PASS">
          <reporter-output>
          </reporter-output>
        </test-method> <!-- login -->
        <test-method is-config="true" signature="beforeMethod()[pri:0, instance:Test_Script.Machining_Chart_IDs@7dfd3c81]" started-at="2024-11-08T06:23:16Z" name="beforeMethod" finished-at="2024-11-08T06:23:16Z" duration-ms="0" status="PASS">
          <reporter-output>
          </reporter-output>
        </test-method> <!-- beforeMethod -->
        <test-method is-config="true" signature="afterMethod()[pri:0, instance:Test_Script.Machining_Chart_IDs@7dfd3c81]" started-at="2024-11-08T06:23:20Z" name="afterMethod" finished-at="2024-11-08T06:23:20Z" duration-ms="0" status="PASS">
          <reporter-output>
          </reporter-output>
        </test-method> <!-- afterMethod -->
        <test-method is-config="true" signature="beforeMethod()[pri:0, instance:Test_Script.Machining_Chart_IDs@7dfd3c81]" started-at="2024-11-08T06:23:20Z" name="beforeMethod" finished-at="2024-11-08T06:23:20Z" duration-ms="0" status="PASS">
          <reporter-output>
          </reporter-output>
        </test-method> <!-- beforeMethod -->
        <test-method signature="upload()[pri:2, instance:Test_Script.Machining_Chart_IDs@7dfd3c81]" started-at="2024-11-08T06:23:20Z" name="upload" finished-at="2024-11-08T06:23:26Z" duration-ms="6309" status="PASS">
          <reporter-output>
          </reporter-output>
        </test-method> <!-- upload -->
        <test-method is-config="true" signature="afterMethod()[pri:0, instance:Test_Script.Machining_Chart_IDs@7dfd3c81]" started-at="2024-11-08T06:23:26Z" name="afterMethod" finished-at="2024-11-08T06:23:26Z" duration-ms="0" status="PASS">
          <reporter-output>
          </reporter-output>
        </test-method> <!-- afterMethod -->
        <test-method is-config="true" signature="beforeMethod()[pri:0, instance:Test_Script.Machining_Chart_IDs@7dfd3c81]" started-at="2024-11-08T06:23:26Z" name="beforeMethod" finished-at="2024-11-08T06:23:26Z" duration-ms="0" status="PASS">
          <reporter-output>
          </reporter-output>
        </test-method> <!-- beforeMethod -->
        <test-method signature="showDimension()[pri:3, instance:Test_Script.Machining_Chart_IDs@7dfd3c81]" started-at="2024-11-08T06:23:26Z" name="showDimension" finished-at="2024-11-08T06:23:31Z" duration-ms="4937" status="PASS">
          <reporter-output>
          </reporter-output>
        </test-method> <!-- showDimension -->
        <test-method is-config="true" signature="afterMethod()[pri:0, instance:Test_Script.Machining_Chart_IDs@7dfd3c81]" started-at="2024-11-08T06:23:31Z" name="afterMethod" finished-at="2024-11-08T06:23:31Z" duration-ms="0" status="PASS">
          <reporter-output>
          </reporter-output>
        </test-method> <!-- afterMethod -->
        <test-method signature="showMachiningID()[pri:4, instance:Test_Script.Machining_Chart_IDs@7dfd3c81]" started-at="2024-11-08T06:23:31Z" name="showMachiningID" finished-at="2024-11-08T06:23:36Z" duration-ms="4491" status="PASS">
          <reporter-output>
          </reporter-output>
        </test-method> <!-- showMachiningID -->
        <test-method is-config="true" signature="beforeMethod()[pri:0, instance:Test_Script.Machining_Chart_IDs@7dfd3c81]" started-at="2024-11-08T06:23:31Z" name="beforeMethod" finished-at="2024-11-08T06:23:31Z" duration-ms="0" status="PASS">
          <reporter-output>
          </reporter-output>
        </test-method> <!-- beforeMethod -->
        <test-method is-config="true" signature="afterMethod()[pri:0, instance:Test_Script.Machining_Chart_IDs@7dfd3c81]" started-at="2024-11-08T06:23:36Z" name="afterMethod" finished-at="2024-11-08T06:23:36Z" duration-ms="0" status="PASS">
          <reporter-output>
          </reporter-output>
        </test-method> <!-- afterMethod -->
        <test-method is-config="true" signature="tearDown()[pri:0, instance:Test_Script.Machining_Chart_IDs@7dfd3c81]" started-at="2024-11-08T06:23:36Z" name="tearDown" finished-at="2024-11-08T06:23:36Z" duration-ms="1" status="PASS">
          <reporter-output>
          </reporter-output>
        </test-method> <!-- tearDown -->
        <test-method is-config="true" signature="afterTest()[pri:0, instance:Test_Script.Machining_Chart_IDs@7dfd3c81]" started-at="2024-11-08T06:23:36Z" name="afterTest" finished-at="2024-11-08T06:23:36Z" duration-ms="0" status="PASS">
          <reporter-output>
          </reporter-output>
        </test-method> <!-- afterTest -->
      </class> <!-- Test_Script.Machining_Chart_IDs -->
    </test> <!-- Test4 -->
    <test started-at="2024-11-08T06:23:36Z" name="Test5" finished-at="2024-11-08T06:23:59Z" duration-ms="23226">
      <class name="Test_Script.Projections_1st_3rd">
        <test-method is-config="true" signature="setUp()[pri:0, instance:Test_Script.Projections_1st_3rd@3aa078fd]" started-at="2024-11-08T06:23:36Z" name="setUp" finished-at="2024-11-08T06:23:39Z" duration-ms="3279" status="PASS">
          <reporter-output>
          </reporter-output>
        </test-method> <!-- setUp -->
        <test-method is-config="true" signature="beforetest()[pri:0, instance:Test_Script.Projections_1st_3rd@3aa078fd]" started-at="2024-11-08T06:23:36Z" name="beforetest" finished-at="2024-11-08T06:23:36Z" duration-ms="0" status="PASS">
          <reporter-output>
          </reporter-output>
        </test-method> <!-- beforetest -->
        <test-method signature="login()[pri:1, instance:Test_Script.Projections_1st_3rd@3aa078fd]" started-at="2024-11-08T06:23:39Z" name="login" finished-at="2024-11-08T06:23:44Z" duration-ms="4361" status="PASS">
          <reporter-output>
          </reporter-output>
        </test-method> <!-- login -->
        <test-method is-config="true" signature="beforeMethod()[pri:0, instance:Test_Script.Projections_1st_3rd@3aa078fd]" started-at="2024-11-08T06:23:39Z" name="beforeMethod" finished-at="2024-11-08T06:23:39Z" duration-ms="0" status="PASS">
          <reporter-output>
          </reporter-output>
        </test-method> <!-- beforeMethod -->
        <test-method is-config="true" signature="afterMethod()[pri:0, instance:Test_Script.Projections_1st_3rd@3aa078fd]" started-at="2024-11-08T06:23:44Z" name="afterMethod" finished-at="2024-11-08T06:23:44Z" duration-ms="1" status="PASS">
          <reporter-output>
          </reporter-output>
        </test-method> <!-- afterMethod -->
        <test-method is-config="true" signature="beforeMethod()[pri:0, instance:Test_Script.Projections_1st_3rd@3aa078fd]" started-at="2024-11-08T06:23:44Z" name="beforeMethod" finished-at="2024-11-08T06:23:44Z" duration-ms="0" status="PASS">
          <reporter-output>
          </reporter-output>
        </test-method> <!-- beforeMethod -->
        <test-method signature="upload()[pri:2, instance:Test_Script.Projections_1st_3rd@3aa078fd]" started-at="2024-11-08T06:23:44Z" name="upload" finished-at="2024-11-08T06:23:50Z" duration-ms="6361" status="PASS">
          <reporter-output>
          </reporter-output>
        </test-method> <!-- upload -->
        <test-method is-config="true" signature="afterMethod()[pri:0, instance:Test_Script.Projections_1st_3rd@3aa078fd]" started-at="2024-11-08T06:23:50Z" name="afterMethod" finished-at="2024-11-08T06:23:50Z" duration-ms="0" status="PASS">
          <reporter-output>
          </reporter-output>
        </test-method> <!-- afterMethod -->
        <test-method signature="showDimension()[pri:3, instance:Test_Script.Projections_1st_3rd@3aa078fd]" started-at="2024-11-08T06:23:50Z" name="showDimension" finished-at="2024-11-08T06:23:53Z" duration-ms="3324" status="PASS">
          <reporter-output>
          </reporter-output>
        </test-method> <!-- showDimension -->
        <test-method is-config="true" signature="beforeMethod()[pri:0, instance:Test_Script.Projections_1st_3rd@3aa078fd]" started-at="2024-11-08T06:23:50Z" name="beforeMethod" finished-at="2024-11-08T06:23:50Z" duration-ms="0" status="PASS">
          <reporter-output>
          </reporter-output>
        </test-method> <!-- beforeMethod -->
        <test-method is-config="true" signature="afterMethod()[pri:0, instance:Test_Script.Projections_1st_3rd@3aa078fd]" started-at="2024-11-08T06:23:53Z" name="afterMethod" finished-at="2024-11-08T06:23:53Z" duration-ms="0" status="PASS">
          <reporter-output>
          </reporter-output>
        </test-method> <!-- afterMethod -->
        <test-method signature="showMachiningID()[pri:4, instance:Test_Script.Projections_1st_3rd@3aa078fd]" started-at="2024-11-08T06:23:53Z" name="showMachiningID" finished-at="2024-11-08T06:23:57Z" duration-ms="3150" status="PASS">
          <reporter-output>
          </reporter-output>
        </test-method> <!-- showMachiningID -->
        <test-method is-config="true" signature="beforeMethod()[pri:0, instance:Test_Script.Projections_1st_3rd@3aa078fd]" started-at="2024-11-08T06:23:53Z" name="beforeMethod" finished-at="2024-11-08T06:23:53Z" duration-ms="0" status="PASS">
          <reporter-output>
          </reporter-output>
        </test-method> <!-- beforeMethod -->
        <test-method is-config="true" signature="afterMethod()[pri:0, instance:Test_Script.Projections_1st_3rd@3aa078fd]" started-at="2024-11-08T06:23:57Z" name="afterMethod" finished-at="2024-11-08T06:23:57Z" duration-ms="1" status="PASS">
          <reporter-output>
          </reporter-output>
        </test-method> <!-- afterMethod -->
        <test-method is-config="true" signature="beforeMethod()[pri:0, instance:Test_Script.Projections_1st_3rd@3aa078fd]" started-at="2024-11-08T06:23:57Z" name="beforeMethod" finished-at="2024-11-08T06:23:57Z" duration-ms="3" status="PASS">
          <reporter-output>
          </reporter-output>
        </test-method> <!-- beforeMethod -->
        <test-method signature="projections1st_3rd()[pri:5, instance:Test_Script.Projections_1st_3rd@3aa078fd]" started-at="2024-11-08T06:23:57Z" name="projections1st_3rd" finished-at="2024-11-08T06:23:59Z" duration-ms="2718" status="PASS">
          <reporter-output>
          </reporter-output>
        </test-method> <!-- projections1st_3rd -->
        <test-method is-config="true" signature="afterMethod()[pri:0, instance:Test_Script.Projections_1st_3rd@3aa078fd]" started-at="2024-11-08T06:23:59Z" name="afterMethod" finished-at="2024-11-08T06:23:59Z" duration-ms="3" status="PASS">
          <reporter-output>
          </reporter-output>
        </test-method> <!-- afterMethod -->
        <test-method is-config="true" signature="afterTest()[pri:0, instance:Test_Script.Projections_1st_3rd@3aa078fd]" started-at="2024-11-08T06:23:59Z" name="afterTest" finished-at="2024-11-08T06:23:59Z" duration-ms="1" status="PASS">
          <reporter-output>
          </reporter-output>
        </test-method> <!-- afterTest -->
        <test-method is-config="true" signature="tearDown()[pri:0, instance:Test_Script.Projections_1st_3rd@3aa078fd]" started-at="2024-11-08T06:23:59Z" name="tearDown" finished-at="2024-11-08T06:23:59Z" duration-ms="0" status="PASS">
          <reporter-output>
          </reporter-output>
        </test-method> <!-- tearDown -->
      </class> <!-- Test_Script.Projections_1st_3rd -->
    </test> <!-- Test5 -->
    <test started-at="2024-11-08T06:23:59Z" name="Test6" finished-at="2024-11-08T06:24:24Z" duration-ms="24138">
      <class name="Test_Script.Download">
        <test-method is-config="true" signature="beforeSuite()[pri:0, instance:Test_Script.Download@51891008]" started-at="2024-11-08T06:22:19Z" name="beforeSuite" finished-at="2024-11-08T06:22:19Z" duration-ms="8" status="PASS">
          <reporter-output>
          </reporter-output>
        </test-method> <!-- beforeSuite -->
        <test-method is-config="true" signature="beforetest()[pri:0, instance:Test_Script.Download@51891008]" started-at="2024-11-08T06:23:59Z" name="beforetest" finished-at="2024-11-08T06:23:59Z" duration-ms="2" status="PASS">
          <reporter-output>
          </reporter-output>
        </test-method> <!-- beforetest -->
        <test-method is-config="true" signature="setUp()[pri:0, instance:Test_Script.Download@51891008]" started-at="2024-11-08T06:24:00Z" name="setUp" finished-at="2024-11-08T06:24:03Z" duration-ms="3375" status="PASS">
          <reporter-output>
          </reporter-output>
        </test-method> <!-- setUp -->
        <test-method is-config="true" signature="beforeMethod()[pri:0, instance:Test_Script.Download@51891008]" started-at="2024-11-08T06:24:03Z" name="beforeMethod" finished-at="2024-11-08T06:24:03Z" duration-ms="0" status="PASS">
          <reporter-output>
          </reporter-output>
        </test-method> <!-- beforeMethod -->
        <test-method signature="login()[pri:1, instance:Test_Script.Download@51891008]" started-at="2024-11-08T06:24:03Z" name="login" finished-at="2024-11-08T06:24:08Z" duration-ms="5286" status="PASS">
          <reporter-output>
          </reporter-output>
        </test-method> <!-- login -->
        <test-method is-config="true" signature="afterMethod()[pri:0, instance:Test_Script.Download@51891008]" started-at="2024-11-08T06:24:08Z" name="afterMethod" finished-at="2024-11-08T06:24:08Z" duration-ms="0" status="PASS">
          <reporter-output>
          </reporter-output>
        </test-method> <!-- afterMethod -->
        <test-method is-config="true" signature="beforeMethod()[pri:0, instance:Test_Script.Download@51891008]" started-at="2024-11-08T06:24:08Z" name="beforeMethod" finished-at="2024-11-08T06:24:08Z" duration-ms="1" status="PASS">
          <reporter-output>
          </reporter-output>
        </test-method> <!-- beforeMethod -->
        <test-method signature="upload()[pri:2, instance:Test_Script.Download@51891008]" started-at="2024-11-08T06:24:08Z" name="upload" finished-at="2024-11-08T06:24:15Z" duration-ms="6401" status="PASS">
          <reporter-output>
          </reporter-output>
        </test-method> <!-- upload -->
        <test-method is-config="true" signature="afterMethod()[pri:0, instance:Test_Script.Download@51891008]" started-at="2024-11-08T06:24:15Z" name="afterMethod" finished-at="2024-11-08T06:24:15Z" duration-ms="0" status="PASS">
          <reporter-output>
          </reporter-output>
        </test-method> <!-- afterMethod -->
        <test-method is-config="true" signature="beforeMethod()[pri:0, instance:Test_Script.Download@51891008]" started-at="2024-11-08T06:24:15Z" name="beforeMethod" finished-at="2024-11-08T06:24:15Z" duration-ms="1" status="PASS">
          <reporter-output>
          </reporter-output>
        </test-method> <!-- beforeMethod -->
        <test-method signature="showDimension()[pri:3, instance:Test_Script.Download@51891008]" started-at="2024-11-08T06:24:15Z" name="showDimension" finished-at="2024-11-08T06:24:18Z" duration-ms="3218" status="PASS">
          <reporter-output>
          </reporter-output>
        </test-method> <!-- showDimension -->
        <test-method is-config="true" signature="afterMethod()[pri:0, instance:Test_Script.Download@51891008]" started-at="2024-11-08T06:24:18Z" name="afterMethod" finished-at="2024-11-08T06:24:18Z" duration-ms="0" status="PASS">
          <reporter-output>
          </reporter-output>
        </test-method> <!-- afterMethod -->
        <test-method signature="showMachiningID()[pri:4, instance:Test_Script.Download@51891008]" started-at="2024-11-08T06:24:18Z" name="showMachiningID" finished-at="2024-11-08T06:24:21Z" duration-ms="3517" status="PASS">
          <reporter-output>
          </reporter-output>
        </test-method> <!-- showMachiningID -->
        <test-method is-config="true" signature="beforeMethod()[pri:0, instance:Test_Script.Download@51891008]" started-at="2024-11-08T06:24:18Z" name="beforeMethod" finished-at="2024-11-08T06:24:18Z" duration-ms="0" status="PASS">
          <reporter-output>
          </reporter-output>
        </test-method> <!-- beforeMethod -->
        <test-method is-config="true" signature="afterMethod()[pri:0, instance:Test_Script.Download@51891008]" started-at="2024-11-08T06:24:21Z" name="afterMethod" finished-at="2024-11-08T06:24:21Z" duration-ms="1" status="PASS">
          <reporter-output>
          </reporter-output>
        </test-method> <!-- afterMethod -->
        <test-method is-config="true" signature="beforeMethod()[pri:0, instance:Test_Script.Download@51891008]" started-at="2024-11-08T06:24:21Z" name="beforeMethod" finished-at="2024-11-08T06:24:21Z" duration-ms="1" status="PASS">
          <reporter-output>
          </reporter-output>
        </test-method> <!-- beforeMethod -->
        <test-method signature="projections1st_3rd()[pri:5, instance:Test_Script.Download@51891008]" started-at="2024-11-08T06:24:21Z" name="projections1st_3rd" finished-at="2024-11-08T06:24:23Z" duration-ms="1259" status="PASS">
          <reporter-output>
          </reporter-output>
        </test-method> <!-- projections1st_3rd -->
        <test-method is-config="true" signature="afterMethod()[pri:0, instance:Test_Script.Download@51891008]" started-at="2024-11-08T06:24:23Z" name="afterMethod" finished-at="2024-11-08T06:24:23Z" duration-ms="1" status="PASS">
          <reporter-output>
          </reporter-output>
        </test-method> <!-- afterMethod -->
        <test-method signature="download()[pri:6, instance:Test_Script.Download@51891008]" started-at="2024-11-08T06:24:23Z" name="download" finished-at="2024-11-08T06:24:24Z" duration-ms="998" status="PASS">
          <reporter-output>
          </reporter-output>
        </test-method> <!-- download -->
        <test-method is-config="true" signature="beforeMethod()[pri:0, instance:Test_Script.Download@51891008]" started-at="2024-11-08T06:24:23Z" name="beforeMethod" finished-at="2024-11-08T06:24:23Z" duration-ms="0" status="PASS">
          <reporter-output>
          </reporter-output>
        </test-method> <!-- beforeMethod -->
        <test-method is-config="true" signature="afterMethod()[pri:0, instance:Test_Script.Download@51891008]" started-at="2024-11-08T06:24:24Z" name="afterMethod" finished-at="2024-11-08T06:24:24Z" duration-ms="3" status="PASS">
          <reporter-output>
          </reporter-output>
        </test-method> <!-- afterMethod -->
        <test-method is-config="true" signature="tearDown()[pri:0, instance:Test_Script.Download@51891008]" started-at="2024-11-08T06:24:24Z" name="tearDown" finished-at="2024-11-08T06:24:24Z" duration-ms="14" status="PASS">
          <reporter-output>
          </reporter-output>
        </test-method> <!-- tearDown -->
        <test-method is-config="true" signature="afterTest()[pri:0, instance:Test_Script.Download@51891008]" started-at="2024-11-08T06:24:24Z" name="afterTest" finished-at="2024-11-08T06:24:24Z" duration-ms="2" status="PASS">
          <reporter-output>
          </reporter-output>
        </test-method> <!-- afterTest -->
        <test-method is-config="true" signature="afterSuite()[pri:0, instance:Test_Script.Download@51891008]" started-at="2024-11-08T06:24:24Z" name="afterSuite" finished-at="2024-11-08T06:24:24Z" duration-ms="4" status="PASS">
          <reporter-output>
          </reporter-output>
        </test-method> <!-- afterSuite -->
      </class> <!-- Test_Script.Download -->
    </test> <!-- Test6 -->
  </suite> <!-- Suite -->
</testng-results>
